#
# A fatal error has been detected by the Java Runtime Environment:
#
#  INVALID (0xe0000000) at pc=0x0000000000000000, pid=1890, tid=0x000000000000620f
#  fatal error: Illegal threadstate encountered: 4
#
# JRE version: OpenJDK Runtime Environment (Zulu 8.58.0.13-CA-macosx) (8.0_312-b07) (build 1.8.0_312-b07)
# Java VM: OpenJDK 64-Bit Server VM (25.312-b07 mixed mode bsd-amd64 compressed oops)
# Failed to write core dump. Core dumps have been disabled. To enable core dumping, try "ulimit -c unlimited" before starting Java again
#
# If you would like to submit a bug report, please visit:
#   http://www.azul.com/support/
# The crash happened outside the Java Virtual Machine in native code.
# See problematic frame for where to report the bug.
#

---------------  T H R E A D  ---------------

Current thread (0x00007fa34613f000):  JavaThread "Thread-1" daemon [_thread_in_native, id=25103, stack(0x00007000045d9000,0x00007000046d9000)]

Stack: [0x00007000045d9000,0x00007000046d9000],  sp=0x00007000046d8000,  free space=1020k
Native frames: (J=compiled Java code, j=interpreted, Vv=VM code, C=native code)
V  [libjvm.dylib+0x5b1e72]
V  [libjvm.dylib+0x1d77b3]
V  [libjvm.dylib+0x4fb301]
V  [libjvm.dylib+0x576b31]
V  [libjvm.dylib+0x30e798]
C  [libglass.dylib+0x9e88]  -[GlassRunnable dealloc]+0x28
C  [Foundation+0x80e9b]  -[_NSThreadPerformInfo dealloc]+0x2a
C  [Foundation+0x4dcc7]  -[NSObject(NSThreadPerformAdditions) performSelectorOnMainThread:withObject:waitUntilDone:]+0x7c
J 2539  com.sun.glass.ui.mac.MacApplication._submitForLaterInvocation(Ljava/lang/Runnable;)V (0 bytes) @ 0x00000001036f487c [0x00000001036f47c0+0xbc]
J 2241 C1 com.sun.glass.ui.mac.MacApplication.submitForLaterInvocation(Ljava/lang/Runnable;)V (6 bytes) @ 0x00000001035f8954 [0x00000001035f88c0+0x94]
j  com.sun.glass.ui.InvokeLaterDispatcher.run()V+82
v  ~StubRoutines::call_stub
V  [libjvm.dylib+0x2d7e24]
V  [libjvm.dylib+0x2d6c7e]
V  [libjvm.dylib+0x2d6e5f]
V  [libjvm.dylib+0x35324b]
V  [libjvm.dylib+0x57538a]
V  [libjvm.dylib+0x57523d]
V  [libjvm.dylib+0x49f1f7]
C  [libsystem_pthread.dylib+0x64f4]  _pthread_start+0x7d
C  [libsystem_pthread.dylib+0x200f]  thread_start+0xf
C  0x0000000000000000

Java frames: (J=compiled Java code, j=interpreted, Vv=VM code)
J 2539  com.sun.glass.ui.mac.MacApplication._submitForLaterInvocation(Ljava/lang/Runnable;)V (0 bytes) @ 0x00000001036f480c [0x00000001036f47c0+0x4c]
J 2241 C1 com.sun.glass.ui.mac.MacApplication.submitForLaterInvocation(Ljava/lang/Runnable;)V (6 bytes) @ 0x00000001035f8954 [0x00000001035f88c0+0x94]
j  com.sun.glass.ui.InvokeLaterDispatcher.run()V+82
v  ~StubRoutines::call_stub

---------------  P R O C E S S  ---------------

Java Threads: ( => current thread )
  0x00007fa345986800 JavaThread "Prism Font Disposer" daemon [_thread_blocked, id=57095, stack(0x0000700004aee000,0x0000700004bee000)]
  0x00007fa3479a6000 JavaThread "PulseTimer-CVDisplayLink thread" daemon [_thread_in_native, id=75891, stack(0x00007000046dc000,0x000070000475c000)]
  0x00007fa34715a000 JavaThread "JavaFX-Launcher" [_thread_blocked, id=51723, stack(0x00007000049eb000,0x0000700004aeb000)]
  0x00007fa34591d800 JavaThread "JavaFX Application Thread" [_thread_in_native_trans, id=259, stack(0x00007ff7beb16000,0x00007ff7bf316000)]
=>0x00007fa34613f000 JavaThread "Thread-1" daemon [_thread_in_native, id=25103, stack(0x00007000045d9000,0x00007000046d9000)]
  0x00007fa3478cc000 JavaThread "QuantumRenderer-0" daemon [_thread_blocked, id=15875, stack(0x00007000044d6000,0x00007000045d6000)]
  0x00007fa34583b800 JavaThread "Service Thread" daemon [_thread_blocked, id=16643, stack(0x00007000042d0000,0x00007000043d0000)]
  0x00007fa345838800 JavaThread "C1 CompilerThread2" daemon [_thread_blocked, id=17155, stack(0x00007000041cd000,0x00007000042cd000)]
  0x00007fa346046800 JavaThread "C2 CompilerThread1" daemon [_thread_blocked, id=14595, stack(0x00007000040ca000,0x00007000041ca000)]
  0x00007fa345838000 JavaThread "C2 CompilerThread0" daemon [_thread_blocked, id=14083, stack(0x0000700003fc7000,0x00007000040c7000)]
  0x00007fa34781f800 JavaThread "JDWP Command Reader" daemon [_thread_in_native, id=13827, stack(0x0000700003ec4000,0x0000700003fc4000)]
  0x00007fa346047000 JavaThread "JDWP Event Helper Thread" daemon [_thread_blocked, id=17923, stack(0x0000700003dc1000,0x0000700003ec1000)]
  0x00007fa346045800 JavaThread "JDWP Transport Listener: dt_socket" daemon [_thread_blocked, id=13575, stack(0x0000700003cbe000,0x0000700003dbe000)]
  0x00007fa345810800 JavaThread "Signal Dispatcher" daemon [_thread_blocked, id=18691, stack(0x0000700003bbb000,0x0000700003cbb000)]
  0x00007fa347016000 JavaThread "Finalizer" daemon [_thread_blocked, id=20995, stack(0x00007000039b2000,0x0000700003ab2000)]
  0x00007fa347013000 JavaThread "Reference Handler" daemon [_thread_blocked, id=12291, stack(0x00007000038af000,0x00007000039af000)]
  0x00007fa34580f800 JavaThread "main" [_thread_blocked, id=10499, stack(0x000070000329d000,0x000070000339d000)]

Other Threads:
  0x00007fa34602e800 VMThread [stack: 0x00007000037ac000,0x00007000038ac000] [id=11779]
  0x00007fa34781d800 WatcherThread [stack: 0x00007000043d3000,0x00007000044d3000] [id=15363]

VM state:not at safepoint (normal execution)

VM Mutex/Monitor currently owned by a thread: None

heap address: 0x0000000740000000, size: 2048 MB, Compressed Oops mode: Zero based, Oop shift amount: 3
Narrow klass base: 0x0000000000000000, Narrow klass shift: 3
Compressed class space size: 1073741824 Address: 0x00000007c0000000

Heap:
 PSYoungGen      total 38400K, used 12318K [0x0000000795580000, 0x0000000798000000, 0x00000007c0000000)
  eden space 33280K, 21% used [0x0000000795580000,0x0000000795c8b9f8,0x0000000797600000)
  from space 5120K, 99% used [0x0000000797b00000,0x0000000797ffc040,0x0000000798000000)
  to   space 5120K, 0% used [0x0000000797600000,0x0000000797600000,0x0000000797b00000)
 ParOldGen       total 87552K, used 7710K [0x0000000740000000, 0x0000000745580000, 0x0000000795580000)
  object space 87552K, 8% used [0x0000000740000000,0x00000007407879c0,0x0000000745580000)
 Metaspace       used 18917K, capacity 19924K, committed 20096K, reserved 1067008K
  class space    used 2597K, capacity 2817K, committed 2944K, reserved 1048576K

Card table byte_map: [0x000000010125d000,0x000000010165e000] byte_map_base: 0x00000000fd85d000

Marking Bits: (ParMarkBitMap*) 0x0000000102824948
 Begin Bits: [0x0000000111f34000, 0x0000000113f34000)
 End Bits:   [0x0000000113f34000, 0x0000000115f34000)

Polling page: 0x0000000100d22000

CodeCache: size=245760Kb used=8331Kb max_used=8331Kb free=237428Kb
 bounds [0x0000000102f34000, 0x0000000103764000, 0x0000000111f34000]
 total_blobs=3224 nmethods=2575 adapters=569
 compilation: enabled

Compilation events (10 events):
Event: 12.541 Thread 0x00007fa345838800 2573       3       com.sun.scenario.animation.AnimationPulse::recordEnd (81 bytes)
Event: 12.542 Thread 0x00007fa345838800 nmethod 2573 0x00000001037211d0 code [0x0000000103721440, 0x0000000103722048]
Event: 12.542 Thread 0x00007fa345838800 2574       3       com.sun.scenario.animation.AbstractPrimaryTimer$MainLoop::updateNextPulseTime (170 bytes)
Event: 12.542 Thread 0x00007fa345838800 nmethod 2574 0x00000001037326d0 code [0x0000000103732880, 0x0000000103732ea8]
Event: 12.542 Thread 0x00007fa345838800 2575       3       com.sun.scenario.animation.AbstractPrimaryTimer::access$400 (4 bytes)
Event: 12.543 Thread 0x00007fa345838800 nmethod 2575 0x00000001037323d0 code [0x0000000103732520, 0x0000000103732670]
Event: 12.543 Thread 0x00007fa345838800 2578       3       com.sun.javafx.tk.quantum.QuantumToolkit::endPulseRunning (42 bytes)
Event: 12.543 Thread 0x00007fa345838800 nmethod 2578 0x0000000103720290 code [0x0000000103720480, 0x0000000103720e18]
Event: 13.015 Thread 0x00007fa345838800 2579       3       com.sun.javafx.tk.quantum.GlassScene::getAccessControlContext (22 bytes)
Event: 13.015 Thread 0x00007fa345838800 nmethod 2579 0x000000010372da50 code [0x000000010372dbe0, 0x000000010372de48]

GC Heap History (4 events):
Event: 2.708 GC heap before
{Heap before GC invocations=1 (full 0):
 PSYoungGen      total 38400K, used 33280K [0x0000000795580000, 0x0000000798000000, 0x00000007c0000000)
  eden space 33280K, 100% used [0x0000000795580000,0x0000000797600000,0x0000000797600000)
  from space 5120K, 0% used [0x0000000797b00000,0x0000000797b00000,0x0000000798000000)
  to   space 5120K, 0% used [0x0000000797600000,0x0000000797600000,0x0000000797b00000)
 ParOldGen       total 87552K, used 0K [0x0000000740000000, 0x0000000745580000, 0x0000000795580000)
  object space 87552K, 0% used [0x0000000740000000,0x0000000740000000,0x0000000745580000)
 Metaspace       used 10724K, capacity 11050K, committed 11264K, reserved 1058816K
  class space    used 1338K, capacity 1438K, committed 1536K, reserved 1048576K
Event: 2.731 GC heap after
Heap after GC invocations=1 (full 0):
 PSYoungGen      total 38400K, used 5093K [0x0000000795580000, 0x0000000798000000, 0x00000007c0000000)
  eden space 33280K, 0% used [0x0000000795580000,0x0000000795580000,0x0000000797600000)
  from space 5120K, 99% used [0x0000000797600000,0x0000000797af95f8,0x0000000797b00000)
  to   space 5120K, 0% used [0x0000000797b00000,0x0000000797b00000,0x0000000798000000)
 ParOldGen       total 87552K, used 1346K [0x0000000740000000, 0x0000000745580000, 0x0000000795580000)
  object space 87552K, 1% used [0x0000000740000000,0x00000007401509c0,0x0000000745580000)
 Metaspace       used 10724K, capacity 11050K, committed 11264K, reserved 1058816K
  class space    used 1338K, capacity 1438K, committed 1536K, reserved 1048576K
}
Event: 4.648 GC heap before
{Heap before GC invocations=2 (full 0):
 PSYoungGen      total 38400K, used 38373K [0x0000000795580000, 0x0000000798000000, 0x00000007c0000000)
  eden space 33280K, 100% used [0x0000000795580000,0x0000000797600000,0x0000000797600000)
  from space 5120K, 99% used [0x0000000797600000,0x0000000797af95f8,0x0000000797b00000)
  to   space 5120K, 0% used [0x0000000797b00000,0x0000000797b00000,0x0000000798000000)
 ParOldGen       total 87552K, used 1346K [0x0000000740000000, 0x0000000745580000, 0x0000000795580000)
  object space 87552K, 1% used [0x0000000740000000,0x00000007401509c0,0x0000000745580000)
 Metaspace       used 17913K, capacity 18872K, committed 18944K, reserved 1064960K
  class space    used 2549K, capacity 2757K, committed 2816K, reserved 1048576K
Event: 4.661 GC heap after
Heap after GC invocations=2 (full 0):
 PSYoungGen      total 38400K, used 5104K [0x0000000795580000, 0x0000000798000000, 0x00000007c0000000)
  eden space 33280K, 0% used [0x0000000795580000,0x0000000795580000,0x0000000797600000)
  from space 5120K, 99% used [0x0000000797b00000,0x0000000797ffc040,0x0000000798000000)
  to   space 5120K, 0% used [0x0000000797600000,0x0000000797600000,0x0000000797b00000)
 ParOldGen       total 87552K, used 7710K [0x0000000740000000, 0x0000000745580000, 0x0000000795580000)
  object space 87552K, 8% used [0x0000000740000000,0x00000007407879c0,0x0000000745580000)
 Metaspace       used 17913K, capacity 18872K, committed 18944K, reserved 1064960K
  class space    used 2549K, capacity 2757K, committed 2816K, reserved 1048576K
}

Deoptimization events (10 events):
Event: 3.311 Thread 0x00007fa34591d800 Uncommon trap: reason=class_check action=maybe_recompile pc=0x0000000103052678 method=java.lang.String.equals(Ljava/lang/Object;)Z @ 8
Event: 3.566 Thread 0x00007fa34591d800 Uncommon trap: reason=unstable_if action=reinterpret pc=0x000000010331bdac method=com.sun.javafx.css.BitSet.add(Ljava/lang/Object;)Z @ 91
Event: 3.639 Thread 0x00007fa34591d800 Uncommon trap: reason=unstable_if action=reinterpret pc=0x00000001032d92e4 method=jdk.internal.org.objectweb.asm.Type.getArgumentsAndReturnSizes(Ljava/lang/String;)I @ 47
Event: 3.696 Thread 0x00007fa34591d800 Uncommon trap: reason=unstable_if action=reinterpret pc=0x0000000103389604 method=com.sun.javafx.css.SimpleSelector.stateMatches(Ljavafx/css/Styleable;Ljava/util/Set;)Z @ 1
Event: 3.781 Thread 0x00007fa3478cc000 Uncommon trap: reason=unstable_if action=reinterpret pc=0x000000010320f814 method=sun.net.www.ParseUtil.encodePath(Ljava/lang/String;Z)Ljava/lang/String; @ 109
Event: 10.612 Thread 0x00007fa34591d800 Uncommon trap: reason=unstable_if action=reinterpret pc=0x00000001034e6938 method=javafx.scene.CssStyleHelper.getStyle(Ljavafx/css/Styleable;Ljava/lang/String;Lcom/sun/javafx/css/StyleMap;Ljava/util/Set;)Lcom/sun/javafx/css/CascadingStyle; @ 8
Event: 10.626 Thread 0x00007fa34591d800 Uncommon trap: reason=bimorphic action=maybe_recompile pc=0x00000001035926e0 method=javafx.scene.CssStyleHelper.resolveRef(Ljavafx/css/Styleable;Ljava/lang/String;Lcom/sun/javafx/css/StyleMap;Ljava/util/Set;)Lcom/sun/javafx/css/CascadingStyle; @ 91
Event: 10.626 Thread 0x00007fa34591d800 Uncommon trap: reason=bimorphic action=maybe_recompile pc=0x00000001035926e0 method=javafx.scene.CssStyleHelper.resolveRef(Ljavafx/css/Styleable;Ljava/lang/String;Lcom/sun/javafx/css/StyleMap;Ljava/util/Set;)Lcom/sun/javafx/css/CascadingStyle; @ 91
Event: 10.626 Thread 0x00007fa34591d800 Uncommon trap: reason=bimorphic action=maybe_recompile pc=0x00000001035926e0 method=javafx.scene.CssStyleHelper.resolveRef(Ljavafx/css/Styleable;Ljava/lang/String;Lcom/sun/javafx/css/StyleMap;Ljava/util/Set;)Lcom/sun/javafx/css/CascadingStyle; @ 91
Event: 10.626 Thread 0x00007fa34591d800 Uncommon trap: reason=bimorphic action=maybe_recompile pc=0x00000001035926e0 method=javafx.scene.CssStyleHelper.resolveRef(Ljavafx/css/Styleable;Ljava/lang/String;Lcom/sun/javafx/css/StyleMap;Ljava/util/Set;)Lcom/sun/javafx/css/CascadingStyle; @ 91

Classes redefined (0 events):
No events

Internal exceptions (10 events):
Event: 1.194 Thread 0x00007fa34580f800 Exception <a 'java/lang/NoSuchFieldError': method resolution failed> (0x0000000795aa72d8) thrown at [/Users/tester/jenkins/workspace/zulu8-build-macosx/zulu-src/hotspot/src/share/vm/prims/methodHandles.cpp, line 1176]
Event: 1.225 Thread 0x00007fa34580f800 Exception <a 'java/security/PrivilegedActionException'> (0x0000000795b7bfb0) thrown at [/Users/tester/jenkins/workspace/zulu8-build-macosx/zulu-src/hotspot/src/share/vm/prims/jvm.cpp, line 1529]
Event: 1.225 Thread 0x00007fa34580f800 Exception <a 'java/security/PrivilegedActionException'> (0x0000000795b7c1c0) thrown at [/Users/tester/jenkins/workspace/zulu8-build-macosx/zulu-src/hotspot/src/share/vm/prims/jvm.cpp, line 1529]
Event: 1.226 Thread 0x00007fa34580f800 Exception <a 'java/security/PrivilegedActionException'> (0x0000000795b7f2a8) thrown at [/Users/tester/jenkins/workspace/zulu8-build-macosx/zulu-src/hotspot/src/share/vm/prims/jvm.cpp, line 1529]
Event: 1.226 Thread 0x00007fa34580f800 Exception <a 'java/security/PrivilegedActionException'> (0x0000000795b7f4b8) thrown at [/Users/tester/jenkins/workspace/zulu8-build-macosx/zulu-src/hotspot/src/share/vm/prims/jvm.cpp, line 1529]
Event: 1.226 Thread 0x00007fa34580f800 Exception <a 'java/lang/NullPointerException'> (0x0000000795b802f0) thrown at [/Users/tester/jenkins/workspace/zulu8-build-macosx/zulu-src/hotspot/src/share/vm/interpreter/linkResolver.cpp, line 1185]
Event: 2.442 Thread 0x00007fa34591d800 Exception <a 'java/lang/NullPointerException'> (0x0000000796f194f8) thrown at [/Users/tester/jenkins/workspace/zulu8-build-macosx/zulu-src/hotspot/src/share/vm/interpreter/linkResolver.cpp, line 1185]
Event: 2.442 Thread 0x00007fa34591d800 Exception <a 'java/lang/NullPointerException'> (0x0000000796f194f8) thrown at [/Users/tester/jenkins/workspace/zulu8-build-macosx/zulu-src/hotspot/src/share/vm/prims/jvm.cpp, line 1533]
Event: 3.121 Thread 0x00007fa34591d800 Implicit null exception at 0x000000010321dd94 to 0x000000010321e0ed
Event: 3.696 Thread 0x00007fa34591d800 Implicit null exception at 0x0000000103388624 to 0x00000001033895b9

Events (10 events):
Event: 10.626 Thread 0x00007fa34591d800 DEOPT PACKING pc=0x00000001035926e0 sp=0x00007ff7bf30e640
Event: 10.626 Thread 0x00007fa34591d800 DEOPT UNPACKING pc=0x0000000102f7957a sp=0x00007ff7bf30e690 mode 2
Event: 10.669 Executing VM operation: RevokeBias
Event: 10.669 Executing VM operation: RevokeBias done
Event: 13.020 loading class javafx/application/Application
Event: 13.020 loading class javafx/application/Application done
Event: 13.021 loading class javafx/application/Application
Event: 13.021 loading class javafx/application/Application done
Event: 13.041 Executing VM operation: RevokeBias
Event: 13.041 Executing VM operation: RevokeBias done


Dynamic libraries:
0x00007ff81e3e2000 	/System/Library/Frameworks/Cocoa.framework/Versions/A/Cocoa
0x00007ff80a267000 	/System/Library/Frameworks/AppKit.framework/Versions/C/AppKit
0x00007ff80d75d000 	/System/Library/Frameworks/CoreData.framework/Versions/A/CoreData
0x00007ff80867e000 	/System/Library/Frameworks/Foundation.framework/Versions/C/Foundation
0x00007ff81251d000 	/usr/lib/libSystem.B.dylib
0x00007ff80b0f6000 	/System/Library/PrivateFrameworks/UIFoundation.framework/Versions/A/UIFoundation
0x00007ff818393000 	/System/Library/PrivateFrameworks/RemoteViewServices.framework/Versions/A/RemoteViewServices
0x00007ff810783000 	/System/Library/PrivateFrameworks/XCTTargetBootstrap.framework/Versions/A/XCTTargetBootstrap
0x00007ff81432d000 	/System/Library/PrivateFrameworks/InternationalSupport.framework/Versions/A/InternationalSupport
0x00007ff8143b7000 	/System/Library/PrivateFrameworks/UserActivity.framework/Versions/A/UserActivity
0x00007ff81370d000 	/usr/lib/libspindump.dylib
0x00007ff80b384000 	/System/Library/Frameworks/UniformTypeIdentifiers.framework/Versions/A/UniformTypeIdentifiers
0x00007ff80eec0000 	/usr/lib/libapp_launch_measurement.dylib
0x00007ff80e129000 	/System/Library/PrivateFrameworks/CoreAnalytics.framework/Versions/A/CoreAnalytics
0x00007ff80eec3000 	/System/Library/PrivateFrameworks/CoreAutoLayout.framework/Versions/A/CoreAutoLayout
0x00007ff8100e3000 	/System/Library/Frameworks/Metal.framework/Versions/A/Metal
0x00007ff810df9000 	/usr/lib/liblangid.dylib
0x00007ff810787000 	/System/Library/PrivateFrameworks/CoreSVG.framework/Versions/A/CoreSVG
0x00007ff80c74b000 	/System/Library/PrivateFrameworks/SkyLight.framework/Versions/A/SkyLight
0x00007ff80cade000 	/System/Library/Frameworks/CoreGraphics.framework/Versions/A/CoreGraphics
0x00007ff818a02000 	/System/Library/Frameworks/Accelerate.framework/Versions/A/Accelerate
0x00007ff813188000 	/System/Library/PrivateFrameworks/IconServices.framework/Versions/A/IconServices
0x00007ff8100c8000 	/System/Library/Frameworks/IOSurface.framework/Versions/A/IOSurface
0x00007ff80e157000 	/usr/lib/libDiagnosticMessagesClient.dylib
0x00007ff81243d000 	/usr/lib/libz.1.dylib
0x00007ff81c071000 	/System/Library/Frameworks/ApplicationServices.framework/Versions/A/ApplicationServices
0x00007ff81076f000 	/System/Library/PrivateFrameworks/DFRFoundation.framework/Versions/A/DFRFoundation
0x00007ff809b58000 	/usr/lib/libicucore.A.dylib
0x00007ff815052000 	/System/Library/Frameworks/AudioToolbox.framework/Versions/A/AudioToolbox
0x00007ff814339000 	/System/Library/PrivateFrameworks/DataDetectorsCore.framework/Versions/A/DataDetectorsCore
0x00007ff90fc98000 	/System/Library/PrivateFrameworks/TextInput.framework/Versions/A/TextInput
0x00007ff80c6cf000 	/usr/lib/libMobileGestalt.dylib
0x00007ff810477000 	/System/Library/Frameworks/Carbon.framework/Versions/A/Frameworks/HIToolbox.framework/Versions/A/HIToolbox
0x00007ff80e8ed000 	/System/Library/Frameworks/QuartzCore.framework/Versions/A/QuartzCore
0x00007ff8097f8000 	/System/Library/Frameworks/Security.framework/Versions/A/Security
0x00007ff8183cb000 	/System/Library/Frameworks/Carbon.framework/Versions/A/Frameworks/SpeechRecognition.framework/Versions/A/SpeechRecognition
0x00007ff80ec20000 	/System/Library/PrivateFrameworks/CoreUI.framework/Versions/A/CoreUI
0x00007ff8090d0000 	/System/Library/Frameworks/CoreAudio.framework/Versions/A/CoreAudio
0x00007ff80e245000 	/System/Library/Frameworks/DiskArbitration.framework/Versions/A/DiskArbitration
0x00007ff813af4000 	/System/Library/PrivateFrameworks/MultitouchSupport.framework/Versions/A/MultitouchSupport
0x00007ff80c6ce000 	/usr/lib/libenergytrace.dylib
0x00007ff80a153000 	/System/Library/Frameworks/IOKit.framework/Versions/A/IOKit
0x00007ff8187b7000 	/System/Library/Frameworks/CoreServices.framework/Versions/A/CoreServices
0x00007ff80ee5a000 	/System/Library/PrivateFrameworks/PerformanceAnalysis.framework/Versions/A/PerformanceAnalysis
0x00007ffa1f463000 	/System/Library/Frameworks/OpenGL.framework/Versions/A/OpenGL
0x00007ff811a6e000 	/System/Library/PrivateFrameworks/MobileKeyBag.framework/Versions/A/MobileKeyBag
0x00007ff80763f000 	/usr/lib/libobjc.A.dylib
0x00007ff80d1aa000 	/System/Library/Frameworks/ColorSync.framework/Versions/A/ColorSync
0x00007ff8077f8000 	/System/Library/Frameworks/CoreFoundation.framework/Versions/A/CoreFoundation
0x00007ff810a00000 	/System/Library/Frameworks/CoreImage.framework/Versions/A/CoreImage
0x00007ff808ee6000 	/System/Library/Frameworks/CoreText.framework/Versions/A/CoreText
0x00007ff8107b6000 	/System/Library/Frameworks/ImageIO.framework/Versions/A/ImageIO
0x00007ff812523000 	/System/Library/PrivateFrameworks/SoftLinking.framework/Versions/A/SoftLinking
0x00007ff80ef0b000 	/usr/lib/libxml2.2.dylib
0x00007ff807705000 	/usr/lib/libc++.1.dylib
0x00007ff8127a7000 	/usr/lib/libcompression.dylib
0x00007ff814263000 	/System/Library/PrivateFrameworks/TextureIO.framework/Versions/A/TextureIO
0x00007ff812e9a000 	/usr/lib/libate.dylib
0x00007ff812518000 	/usr/lib/system/libcache.dylib
0x00007ff8124d4000 	/usr/lib/system/libcommonCrypto.dylib
0x00007ff8124fd000 	/usr/lib/system/libcompiler_rt.dylib
0x00007ff8124f3000 	/usr/lib/system/libcopyfile.dylib
0x00007ff807539000 	/usr/lib/system/libcorecrypto.dylib
0x00007ff8075f8000 	/usr/lib/system/libdispatch.dylib
0x00007ff8077b7000 	/usr/lib/system/libdyld.dylib
0x00007ff81250f000 	/usr/lib/system/libkeymgr.dylib
0x00007ff8124b2000 	/usr/lib/system/libmacho.dylib
0x00007ff811b42000 	/usr/lib/system/libquarantine.dylib
0x00007ff81250d000 	/usr/lib/system/libremovefile.dylib
0x00007ff80c71b000 	/usr/lib/system/libsystem_asl.dylib
0x00007ff8074e7000 	/usr/lib/system/libsystem_blocks.dylib
0x00007ff80767c000 	/usr/lib/system/libsystem_c.dylib
0x00007ff812505000 	/usr/lib/system/libsystem_collections.dylib
0x00007ff810dea000 	/usr/lib/system/libsystem_configuration.dylib
0x00007ff8100ab000 	/usr/lib/system/libsystem_containermanager.dylib
0x00007ff8121ef000 	/usr/lib/system/libsystem_coreservices.dylib
0x00007ff809de1000 	/usr/lib/system/libsystem_darwin.dylib
0x00007ff812510000 	/usr/lib/system/libsystem_dnssd.dylib
0x00007ff807679000 	/usr/lib/system/libsystem_featureflags.dylib
0x00007ff8077cd000 	/usr/lib/system/libsystem_info.dylib
0x00007ff812450000 	/usr/lib/system/libsystem_m.dylib
0x00007ff8075cc000 	/usr/lib/system/libsystem_malloc.dylib
0x00007ff80c6b8000 	/usr/lib/system/libsystem_networkextension.dylib
0x00007ff80a209000 	/usr/lib/system/libsystem_notify.dylib
0x00007ff81868c000 	/usr/lib/system/libsystem_product_info_filter.dylib
0x00007ff810dee000 	/usr/lib/system/libsystem_sandbox.dylib
0x00007ff81250a000 	/usr/lib/system/libsystem_secinit.dylib
0x00007ff807774000 	/usr/lib/system/libsystem_kernel.dylib
0x00007ff8077c3000 	/usr/lib/system/libsystem_platform.dylib
0x00007ff8077ab000 	/usr/lib/system/libsystem_pthread.dylib
0x00007ff80df70000 	/usr/lib/system/libsystem_symptoms.dylib
0x00007ff807520000 	/usr/lib/system/libsystem_trace.dylib
0x00007ff8124e0000 	/usr/lib/system/libunwind.dylib
0x00007ff8074e9000 	/usr/lib/system/libxpc.dylib
0x00007ff80775e000 	/usr/lib/libc++abi.dylib
0x00007ff8124eb000 	/usr/lib/liboah.dylib
0x00007ff812c78000 	/usr/lib/liblzma.5.dylib
0x00007ff80838f000 	/System/Library/Frameworks/SystemConfiguration.framework/Versions/A/SystemConfiguration
0x00007ff81251f000 	/usr/lib/libfakelink.dylib
0x00007ff80c221000 	/System/Library/Frameworks/CFNetwork.framework/Versions/A/CFNetwork
0x00007ff81265e000 	/usr/lib/libarchive.2.dylib
0x00007ff810df5000 	/System/Library/PrivateFrameworks/AppleSystemInfo.framework/Versions/A/AppleSystemInfo
0x00007ff811b69000 	/usr/lib/libbsm.0.dylib
0x00007ff80b857000 	/usr/lib/libnetwork.dylib
0x00007ff8124b8000 	/usr/lib/system/libkxld.dylib
0x00007ff811797000 	/System/Library/PrivateFrameworks/IOMobileFramebuffer.framework/Versions/A/IOMobileFramebuffer
0x00007ffb1d211000 	/usr/lib/libCoreEntitlements.dylib
0x00007ff8121d1000 	/System/Library/PrivateFrameworks/AppleFSCompression.framework/Versions/A/AppleFSCompression
0x00007ff811b51000 	/usr/lib/libcoretls.dylib
0x00007ff812c92000 	/usr/lib/libcoretls_cfhelpers.dylib
0x00007ff8127a2000 	/usr/lib/libpam.2.dylib
0x00007ff80db92000 	/usr/lib/libsqlite3.dylib
0x00007ff812d01000 	/usr/lib/libxar.1.dylib
0x00007ff8121e1000 	/usr/lib/libbz2.1.0.dylib
0x00007ff812524000 	/usr/lib/libpcap.A.dylib
0x00007ff80df67000 	/usr/lib/libdns_services.dylib
0x00007ff812771000 	/usr/lib/libapple_nghttp2.dylib
0x00007ff81255b000 	/usr/lib/libiconv.2.dylib
0x00007ff8124b1000 	/usr/lib/libcharset.1.dylib
0x00007ff80ee8e000 	/System/Library/Frameworks/CoreServices.framework/Versions/A/Frameworks/FSEvents.framework/Versions/A/FSEvents
0x00007ff809deb000 	/System/Library/Frameworks/CoreServices.framework/Versions/A/Frameworks/CarbonCore.framework/Versions/A/CarbonCore
0x00007ff80e1aa000 	/System/Library/Frameworks/CoreServices.framework/Versions/A/Frameworks/Metadata.framework/Versions/A/Metadata
0x00007ff8121f4000 	/System/Library/Frameworks/CoreServices.framework/Versions/A/Frameworks/OSServices.framework/Versions/A/OSServices
0x00007ff8126e5000 	/System/Library/Frameworks/CoreServices.framework/Versions/A/Frameworks/SearchKit.framework/Versions/A/SearchKit
0x00007ff80def9000 	/System/Library/Frameworks/CoreServices.framework/Versions/A/Frameworks/AE.framework/Versions/A/AE
0x00007ff807cfb000 	/System/Library/Frameworks/CoreServices.framework/Versions/A/Frameworks/LaunchServices.framework/Versions/A/LaunchServices
0x00007ff812c29000 	/System/Library/Frameworks/CoreServices.framework/Versions/A/Frameworks/DictionaryServices.framework/Versions/A/DictionaryServices
0x00007ff80ee9b000 	/System/Library/Frameworks/CoreServices.framework/Versions/A/Frameworks/SharedFileList.framework/Versions/A/SharedFileList
0x00007ff811b45000 	/usr/lib/libCheckFix.dylib
0x00007ff80c732000 	/System/Library/PrivateFrameworks/TCC.framework/Versions/A/TCC
0x00007ff810dfb000 	/System/Library/PrivateFrameworks/CoreNLP.framework/Versions/A/CoreNLP
0x00007ff80e15a000 	/System/Library/PrivateFrameworks/MetadataUtilities.framework/Versions/A/MetadataUtilities
0x00007ff80843f000 	/usr/lib/libmecabra.dylib
0x00007ff811b79000 	/usr/lib/libmecab.dylib
0x00007ff80840a000 	/usr/lib/libCRFSuite.dylib
0x00007ff811bd6000 	/usr/lib/libgermantok.dylib
0x00007ff81274c000 	/usr/lib/libThaiTokenizer.dylib
0x00007ff80e24c000 	/System/Library/Frameworks/Accelerate.framework/Versions/A/Frameworks/vImage.framework/Versions/A/vImage
0x00007ff81878e000 	/System/Library/Frameworks/Accelerate.framework/Versions/A/Frameworks/vecLib.framework/Versions/A/vecLib
0x00007ff812d42000 	/System/Library/Frameworks/Accelerate.framework/Versions/A/Frameworks/vecLib.framework/Versions/A/libvMisc.dylib
0x00007ff8115b5000 	/System/Library/Frameworks/Accelerate.framework/Versions/A/Frameworks/vecLib.framework/Versions/A/libvDSP.dylib
0x00007ff808073000 	/System/Library/Frameworks/Accelerate.framework/Versions/A/Frameworks/vecLib.framework/Versions/A/libBLAS.dylib
0x00007ff812883000 	/System/Library/Frameworks/Accelerate.framework/Versions/A/Frameworks/vecLib.framework/Versions/A/libLAPACK.dylib
0x00007ff811bd9000 	/System/Library/Frameworks/Accelerate.framework/Versions/A/Frameworks/vecLib.framework/Versions/A/libLinearAlgebra.dylib
0x00007ff81278a000 	/System/Library/Frameworks/Accelerate.framework/Versions/A/Frameworks/vecLib.framework/Versions/A/libSparseBLAS.dylib
0x00007ff81287d000 	/System/Library/Frameworks/Accelerate.framework/Versions/A/Frameworks/vecLib.framework/Versions/A/libQuadrature.dylib
0x00007ff810ee5000 	/System/Library/Frameworks/Accelerate.framework/Versions/A/Frameworks/vecLib.framework/Versions/A/libBNNS.dylib
0x00007ff808320000 	/System/Library/Frameworks/Accelerate.framework/Versions/A/Frameworks/vecLib.framework/Versions/A/libSparse.dylib
0x00007ff810ede000 	/System/Library/PrivateFrameworks/LinguisticData.framework/Versions/A/LinguisticData
0x00007ff8082d5000 	/System/Library/PrivateFrameworks/Lexicon.framework/Versions/A/Lexicon
0x00007ff812d3b000 	/usr/lib/libChineseTokenizer.dylib
0x00007ff808a39000 	/System/Library/PrivateFrameworks/LanguageModeling.framework/Versions/A/LanguageModeling
0x00007ff81274e000 	/System/Library/PrivateFrameworks/AppleSauce.framework/Versions/A/AppleSauce
0x00007ff811785000 	/System/Library/PrivateFrameworks/CoreEmoji.framework/Versions/A/CoreEmoji
0x00007ff81264d000 	/usr/lib/libcmph.dylib
0x00007ff80ee72000 	/System/Library/Frameworks/OpenDirectory.framework/Versions/A/Frameworks/CFOpenDirectory.framework/Versions/A/CFOpenDirectory
0x00007ff80ee66000 	/System/Library/Frameworks/OpenDirectory.framework/Versions/A/OpenDirectory
0x00007ff812c94000 	/System/Library/PrivateFrameworks/APFS.framework/Versions/A/APFS
0x00007ff811aa6000 	/System/Library/Frameworks/SecurityFoundation.framework/Versions/A/SecurityFoundation
0x00007ff812d0f000 	/usr/lib/libutil.dylib
0x00007ff80a116000 	/System/Library/PrivateFrameworks/CoreServicesStore.framework/Versions/A/CoreServicesStore
0x00007ff812d13000 	/usr/lib/libxslt.1.dylib
0x00007ff811b33000 	/System/Library/PrivateFrameworks/BackgroundTaskManagement.framework/Versions/A/BackgroundTaskManagement
0x00007ff814183000 	/System/Library/Frameworks/ImageIO.framework/Versions/A/Resources/libRadiance.dylib
0x00007ff81418c000 	/System/Library/Frameworks/ImageIO.framework/Versions/A/Resources/libJPEG.dylib
0x00007ff8140dc000 	/System/Library/Frameworks/ImageIO.framework/Versions/A/Resources/libPng.dylib
0x00007ff8140fd000 	/System/Library/Frameworks/ImageIO.framework/Versions/A/Resources/libTIFF.dylib
0x00007ff8141ec000 	/System/Library/Frameworks/ImageIO.framework/Versions/A/Resources/libGIF.dylib
0x00007ff813a0d000 	/System/Library/Frameworks/ImageIO.framework/Versions/A/Resources/libJP2.dylib
0x00007ff81314f000 	/usr/lib/libexpat.1.dylib
0x00007ff8139c2000 	/System/Library/PrivateFrameworks/AppleJPEG.framework/Versions/A/AppleJPEG
0x00007ff81033e000 	/System/Library/PrivateFrameworks/FontServices.framework/libFontParser.dylib
0x00007ff80dea3000 	/System/Library/PrivateFrameworks/RunningBoardServices.framework/Versions/A/RunningBoardServices
0x00007ff81e95c000 	/System/Library/PrivateFrameworks/IOSurfaceAccelerator.framework/Versions/A/IOSurfaceAccelerator
0x00007ff813af0000 	/System/Library/PrivateFrameworks/WatchdogClient.framework/Versions/A/WatchdogClient
0x00007ff808b28000 	/System/Library/Frameworks/CoreDisplay.framework/Versions/A/CoreDisplay
0x00007ff81023d000 	/System/Library/Frameworks/CoreMedia.framework/Versions/A/CoreMedia
0x00007ff8100da000 	/System/Library/PrivateFrameworks/IOAccelerator.framework/Versions/A/IOAccelerator
0x00007ff80efee000 	/System/Library/Frameworks/CoreVideo.framework/Versions/A/CoreVideo
0x00007ff8127a0000 	/System/Library/Frameworks/MetalPerformanceShaders.framework/Versions/A/MetalPerformanceShaders
0x00007ff813b2b000 	/System/Library/Frameworks/VideoToolbox.framework/Versions/A/VideoToolbox
0x00007ff80ddeb000 	/System/Library/PrivateFrameworks/BaseBoard.framework/Versions/A/BaseBoard
0x00007ff80db78000 	/System/Library/PrivateFrameworks/ProtocolBuffer.framework/Versions/A/ProtocolBuffer
0x00007ff81417c000 	/System/Library/PrivateFrameworks/GPUWrangler.framework/Versions/A/GPUWrangler
0x00007ff81415f000 	/System/Library/PrivateFrameworks/IOPresentment.framework/Versions/A/IOPresentment
0x00007ff814186000 	/System/Library/PrivateFrameworks/DSExternalDisplay.framework/Versions/A/DSExternalDisplay
0x00007ffa1f457000 	/System/Library/Frameworks/OpenGL.framework/Versions/A/Libraries/libCoreFSCache.dylib
0x00007ffb0b4fb000 	/System/Library/PrivateFrameworks/GPUCompiler.framework/Versions/31001/Libraries/libGPUCompilerUtils.dylib
0x00007ff8141f1000 	/System/Library/PrivateFrameworks/CMCaptureCore.framework/Versions/A/CMCaptureCore
0x00007ff8136fb000 	/System/Library/PrivateFrameworks/AppServerSupport.framework/Versions/A/AppServerSupport
0x00007ff8158d8000 	/System/Library/PrivateFrameworks/perfdata.framework/Versions/A/perfdata
0x00007ff808c54000 	/System/Library/PrivateFrameworks/AudioToolboxCore.framework/Versions/A/AudioToolboxCore
0x00007ff81021a000 	/System/Library/PrivateFrameworks/caulk.framework/Versions/A/caulk
0x00007ff8151fc000 	/usr/lib/libAudioStatistics.dylib
0x00007ff90c529000 	/System/Library/PrivateFrameworks/SystemPolicy.framework/Versions/A/SystemPolicy
0x00007ff815451000 	/usr/lib/libSMC.dylib
0x00007ff81e295000 	/System/Library/Frameworks/CoreMIDI.framework/Versions/A/CoreMIDI
0x00007ff8140ac000 	/usr/lib/libAudioToolboxUtility.dylib
0x00007ff90893b000 	/System/Library/PrivateFrameworks/OSAServicesClient.framework/Versions/A/OSAServicesClient
0x00007ff8158e5000 	/usr/lib/libperfcheck.dylib
0x00007ff90cfbb000 	/usr/lib/libmis.dylib
0x00007ffa1f4b3000 	/System/Library/Frameworks/OpenGL.framework/Versions/A/Libraries/libGLU.dylib
0x00007ffa1f476000 	/System/Library/Frameworks/OpenGL.framework/Versions/A/Libraries/libGFXShared.dylib
0x00007ffa1f684000 	/System/Library/Frameworks/OpenGL.framework/Versions/A/Libraries/libGL.dylib
0x00007ffa1f47f000 	/System/Library/Frameworks/OpenGL.framework/Versions/A/Libraries/libGLImage.dylib
0x00007ffa1f473000 	/System/Library/Frameworks/OpenGL.framework/Versions/A/Libraries/libCVMSPluginSupport.dylib
0x00007ffa1f45e000 	/System/Library/Frameworks/OpenGL.framework/Versions/A/Libraries/libCoreVMClient.dylib
0x00007ff810d79000 	/System/Library/Frameworks/MetalPerformanceShaders.framework/Versions/A/Frameworks/MPSCore.framework/Versions/A/MPSCore
0x00007ff81213c000 	/System/Library/Frameworks/MetalPerformanceShaders.framework/Versions/A/Frameworks/MPSImage.framework/Versions/A/MPSImage
0x00007ff811bef000 	/System/Library/Frameworks/MetalPerformanceShaders.framework/Versions/A/Frameworks/MPSNeuralNetwork.framework/Versions/A/MPSNeuralNetwork
0x00007ff812064000 	/System/Library/Frameworks/MetalPerformanceShaders.framework/Versions/A/Frameworks/MPSMatrix.framework/Versions/A/MPSMatrix
0x00007ff811e20000 	/System/Library/Frameworks/MetalPerformanceShaders.framework/Versions/A/Frameworks/MPSRayIntersector.framework/Versions/A/MPSRayIntersector
0x00007ff81209d000 	/System/Library/Frameworks/MetalPerformanceShaders.framework/Versions/A/Frameworks/MPSNDArray.framework/Versions/A/MPSNDArray
0x00007ffa24075000 	/System/Library/Frameworks/MetalPerformanceShaders.framework/Versions/A/Frameworks/MPSFunctions.framework/Versions/A/MPSFunctions
0x00007ff807f56000 	/System/Library/PrivateFrameworks/MetalTools.framework/Versions/A/MetalTools
0x00007ff810df3000 	/System/Library/PrivateFrameworks/AggregateDictionary.framework/Versions/A/AggregateDictionary
0x00007ff812f31000 	/usr/lib/libIOReport.dylib
0x00007ffa20a93000 	/System/Library/Frameworks/OpenCL.framework/Versions/A/OpenCL
0x00007ff813295000 	/System/Library/PrivateFrameworks/FaceCore.framework/Versions/A/FaceCore
0x00007ff813286000 	/System/Library/PrivateFrameworks/GraphVisualizer.framework/Versions/A/GraphVisualizer
0x00007ffb0b406000 	/System/Library/PrivateFrameworks/FontServices.framework/Versions/A/FontServices
0x00007ff8136b2000 	/System/Library/PrivateFrameworks/OTSVG.framework/Versions/A/OTSVG
0x00007ff80ebd6000 	/System/Library/Frameworks/ApplicationServices.framework/Versions/A/Frameworks/ATS.framework/Versions/A/Resources/libFontRegistry.dylib
0x00007ff813703000 	/System/Library/PrivateFrameworks/FontServices.framework/libhvf.dylib
0x00007ffb0b407000 	/System/Library/PrivateFrameworks/FontServices.framework/libXTFontStaticRegistryData.dylib
0x00007ff8130ff000 	/System/Library/PrivateFrameworks/AppleVA.framework/Versions/A/AppleVA
0x00007ff815220000 	/System/Library/Frameworks/ApplicationServices.framework/Versions/A/Frameworks/ATS.framework/Versions/A/ATS
0x00007ff80d2a6000 	/System/Library/Frameworks/ApplicationServices.framework/Versions/A/Frameworks/HIServices.framework/Versions/A/HIServices
0x00007ff8141fb000 	/System/Library/Frameworks/ApplicationServices.framework/Versions/A/Frameworks/PrintCore.framework/Versions/A/PrintCore
0x00007ff8155a4000 	/System/Library/Frameworks/ApplicationServices.framework/Versions/A/Frameworks/QD.framework/Versions/A/QD
0x00007ff81559c000 	/System/Library/Frameworks/ApplicationServices.framework/Versions/A/Frameworks/ColorSyncLegacy.framework/Versions/A/ColorSyncLegacy
0x00007ff815210000 	/System/Library/Frameworks/ApplicationServices.framework/Versions/A/Frameworks/SpeechSynthesis.framework/Versions/A/SpeechSynthesis
0x00007ff8141bc000 	/System/Library/Frameworks/ApplicationServices.framework/Versions/A/Frameworks/ATSUI.framework/Versions/A/ATSUI
0x00007ff815531000 	/usr/lib/libcups.2.dylib
0x00007ff8158f4000 	/System/Library/Frameworks/Kerberos.framework/Versions/A/Kerberos
0x00007ff815903000 	/System/Library/Frameworks/GSS.framework/Versions/A/GSS
0x00007ff81528c000 	/usr/lib/libresolv.9.dylib
0x00007ff813712000 	/System/Library/PrivateFrameworks/Heimdal.framework/Versions/A/Heimdal
0x00007ff81c3ec000 	/System/Library/Frameworks/Kerberos.framework/Versions/A/Libraries/libHeimdalProxy.dylib
0x00007ff80df78000 	/System/Library/Frameworks/Network.framework/Versions/A/Network
0x00007ff813169000 	/usr/lib/libheimdal-asn1.dylib
0x00007ff81594f000 	/System/Library/PrivateFrameworks/CommonAuth.framework/Versions/A/CommonAuth
0x00007ff81518d000 	/System/Library/PrivateFrameworks/AudioSession.framework/Versions/A/AudioSession
0x00007ff8131f9000 	/System/Library/PrivateFrameworks/MediaExperience.framework/Versions/A/MediaExperience
0x00007ff815021000 	/System/Library/PrivateFrameworks/AudioSession.framework/libSessionUtility.dylib
0x00007ff8155b0000 	/System/Library/PrivateFrameworks/AudioResourceArbitration.framework/Versions/A/AudioResourceArbitration
0x00007ff8195a1000 	/System/Library/PrivateFrameworks/PowerLog.framework/Versions/A/PowerLog
0x00007ff813172000 	/System/Library/PrivateFrameworks/IconFoundation.framework/Versions/A/IconFoundation
0x00007ff8183bb000 	/System/Library/PrivateFrameworks/SpeechRecognitionCore.framework/Versions/A/SpeechRecognitionCore
0x00000001020f9000 	/Library/Java/JavaVirtualMachines/zulu-8.jdk/Contents/Home/jre/lib/server/libjvm.dylib
0x0000000100d33000 	/Library/Java/JavaVirtualMachines/zulu-8.jdk/Contents/Home/jre/lib/libverify.dylib
0x0000000100d87000 	/Library/Java/JavaVirtualMachines/zulu-8.jdk/Contents/Home/jre/lib/libjava.dylib
0x0000000100e13000 	/Library/Java/JavaVirtualMachines/zulu-8.jdk/Contents/Home/jre/lib/libjdwp.dylib
0x0000000100d44000 	/Library/Java/JavaVirtualMachines/zulu-8.jdk/Contents/Home/jre/lib/libnpt.dylib
0x0000000100dca000 	/Library/Java/JavaVirtualMachines/zulu-8.jdk/Contents/Home/jre/lib/libinstrument.dylib
0x0000000100d5c000 	/Library/Java/JavaVirtualMachines/zulu-8.jdk/Contents/Home/jre/lib/libzip.dylib
0x0000000100d7b000 	/Library/Java/JavaVirtualMachines/zulu-8.jdk/Contents/Home/jre/lib/libdt_socket.dylib
0x000000010200c000 	/Library/Java/JavaVirtualMachines/zulu-8.jdk/Contents/Home/jre/lib/libnio.dylib
0x0000000118399000 	/Library/Java/JavaVirtualMachines/zulu-8.jdk/Contents/Home/jre/lib/libnet.dylib
0x0000000118379000 	/Library/Java/JavaVirtualMachines/zulu-8.jdk/Contents/Home/jre/lib/libprism_es2.dylib
0x00007ff80a0d7000 	/System/Library/PrivateFrameworks/CoreServicesInternal.framework/Versions/A/CoreServicesInternal
0x00007ffa1f68f000 	/System/Library/Frameworks/OpenGL.framework/Versions/A/Resources/GLEngine.bundle/GLEngine
0x00007ffa1f4f1000 	/System/Library/Frameworks/OpenGL.framework/Versions/A/Libraries/libGLProgrammability.dylib
0x00007ffa162c1000 	/System/Library/Extensions/AppleIntelSKLGraphicsGLDriver.bundle/Contents/MacOS/AppleIntelSKLGraphicsGLDriver
0x00007ff916e84000 	/System/Library/PrivateFrameworks/GPUSupport.framework/Versions/A/Libraries/libGPUSupportMercury.dylib
0x00007ffa1f81e000 	/System/Library/Frameworks/OpenGL.framework/Versions/A/Resources/GLRendererFloat.bundle/GLRendererFloat
0x000000011893b000 	/Library/Java/JavaVirtualMachines/zulu-8.jdk/Contents/Home/jre/lib/libglass.dylib
0x00007ff819b92000 	/System/Library/Frameworks/FileProvider.framework/Versions/A/FileProvider
0x00007ff80dd57000 	/System/Library/Frameworks/Accounts.framework/Versions/A/Accounts
0x00007ff819d09000 	/System/Library/PrivateFrameworks/GenerationalStorage.framework/Versions/A/GenerationalStorage
0x00007ff81a81b000 	/System/Library/PrivateFrameworks/CoreSymbolication.framework/Versions/A/CoreSymbolication
0x00007ff819596000 	/System/Library/PrivateFrameworks/SymptomDiagnosticReporter.framework/Versions/A/SymptomDiagnosticReporter
0x00007ff80b398000 	/System/Library/PrivateFrameworks/DesktopServicesPriv.framework/Versions/A/DesktopServicesPriv
0x00007ff80a218000 	/usr/lib/libsandbox.1.dylib
0x00007ff80f06d000 	/System/Library/PrivateFrameworks/UserManagement.framework/Versions/A/UserManagement
0x00007ff81a7e0000 	/System/Library/PrivateFrameworks/DebugSymbols.framework/Versions/A/DebugSymbols
0x00007ff815591000 	/System/Library/PrivateFrameworks/NetAuth.framework/Versions/A/NetAuth
0x00007ff81647f000 	/System/Library/PrivateFrameworks/Sharing.framework/Versions/A/Sharing
0x00007ff80f040000 	/System/Library/PrivateFrameworks/login.framework/Versions/A/Frameworks/loginsupport.framework/Versions/A/loginsupport
0x00007ff81b920000 	/System/Library/PrivateFrameworks/Apple80211.framework/Versions/A/Apple80211
0x00007ff812221000 	/System/Library/PrivateFrameworks/AuthKit.framework/Versions/A/AuthKit
0x00007ff81187b000 	/System/Library/PrivateFrameworks/CoreUtils.framework/Versions/A/CoreUtils
0x00007ff8117a2000 	/System/Library/Frameworks/CoreWLAN.framework/Versions/A/CoreWLAN
0x00007ff8165da000 	/System/Library/Frameworks/IOBluetooth.framework/Versions/A/IOBluetooth
0x00007ff81b988000 	/System/Library/PrivateFrameworks/CoreWiFi.framework/Versions/A/CoreWiFi
0x00007ff81a3b5000 	/System/Library/PrivateFrameworks/FrontBoardServices.framework/Versions/A/FrontBoardServices
0x00007ff81a447000 	/System/Library/PrivateFrameworks/BoardServices.framework/Versions/A/BoardServices
0x00007ff811a95000 	/System/Library/PrivateFrameworks/AssertionServices.framework/Versions/A/AssertionServices
0x00007ff81bb0c000 	/System/Library/PrivateFrameworks/BackBoardServices.framework/Versions/A/BackBoardServices
0x00007ff8159de000 	/System/Library/PrivateFrameworks/CorePhoneNumbers.framework/Versions/A/CorePhoneNumbers
0x00007ff8196b3000 	/System/Library/PrivateFrameworks/DiskManagement.framework/Versions/A/DiskManagement
0x00007ff8195c7000 	/System/Library/PrivateFrameworks/AppleIDAuthSupport.framework/Versions/A/AppleIDAuthSupport
0x00007ffa2600b000 	/System/Library/PrivateFrameworks/AAAFoundation.framework/Versions/A/AAAFoundation
0x00007ff8159bf000 	/System/Library/PrivateFrameworks/KeychainCircle.framework/Versions/A/KeychainCircle
0x00007ff81967f000 	/System/Library/PrivateFrameworks/MediaKit.framework/Versions/A/MediaKit
0x00007ff8195d3000 	/System/Library/Frameworks/DiscRecording.framework/Versions/A/DiscRecording
0x00007ff813077000 	/usr/lib/libCoreStorage.dylib
0x00007ff81bdfb000 	/usr/lib/libcsfde.dylib
0x00007ff8166a7000 	/System/Library/PrivateFrameworks/ProtectedCloudStorage.framework/Versions/A/ProtectedCloudStorage
0x00007ff81bdf7000 	/System/Library/PrivateFrameworks/EFILogin.framework/Versions/A/EFILogin
0x00007ff819d2f000 	/System/Library/PrivateFrameworks/OctagonTrust.framework/Versions/A/OctagonTrust
0x00007ffb0a728000 	/System/Library/PrivateFrameworks/CoreUtilsExtras.framework/Versions/A/CoreUtilsExtras
0x00007ff819509000 	/System/Library/Frameworks/CoreBluetooth.framework/Versions/A/CoreBluetooth
0x00007ff81c471000 	/System/Library/Frameworks/AudioUnit.framework/Versions/A/AudioUnit
0x00007ff81306f000 	/usr/lib/libMatch.1.dylib
0x00007ff91140a000 	/System/Library/Frameworks/Accelerate.framework/Versions/A/Frameworks/vImage.framework/Versions/A/Libraries/libCGInterfaces.dylib
0x000000011a408000 	/usr/lib/libobjc-trampolines.dylib
0x00007ff80ed66000 	/System/Library/PrivateFrameworks/ViewBridge.framework/Versions/A/ViewBridge
0x00007ff8137cc000 	/System/Library/PrivateFrameworks/login.framework/Versions/A/login
0x00007ffb1d31f000 	/usr/lib/libRosetta.dylib
0x000000011cd11000 	/Library/Java/JavaVirtualMachines/zulu-8.jdk/Contents/Home/jre/lib/libjavafx_font.dylib
0x000000011f350000 	/Library/Java/JavaVirtualMachines/zulu-8.jdk/Contents/Home/jre/lib/libprism_common.dylib

VM Arguments:
jvm_args: -agentlib:jdwp=transport=dt_socket,address=127.0.0.1:50214,suspend=y,server=n -javaagent:/Users/kasunrachintha/Library/Caches/JetBrains/IntelliJIdea2021.1/captureAgent/debugger-agent.jar -Dfile.encoding=UTF-8 
java_command: AppInitializer
java_class_path (initial): /Library/Java/JavaVirtualMachines/zulu-8.jdk/Contents/Home/jre/lib/charsets.jar:/Library/Java/JavaVirtualMachines/zulu-8.jdk/Contents/Home/jre/lib/crs-agent.jar:/Library/Java/JavaVirtualMachines/zulu-8.jdk/Contents/Home/jre/lib/ext/cldrdata.jar:/Library/Java/JavaVirtualMachines/zulu-8.jdk/Contents/Home/jre/lib/ext/dnsns.jar:/Library/Java/JavaVirtualMachines/zulu-8.jdk/Contents/Home/jre/lib/ext/jaccess.jar:/Library/Java/JavaVirtualMachines/zulu-8.jdk/Contents/Home/jre/lib/ext/jfxrt.jar:/Library/Java/JavaVirtualMachines/zulu-8.jdk/Contents/Home/jre/lib/ext/legacy8ujsse.jar:/Library/Java/JavaVirtualMachines/zulu-8.jdk/Contents/Home/jre/lib/ext/localedata.jar:/Library/Java/JavaVirtualMachines/zulu-8.jdk/Contents/Home/jre/lib/ext/nashorn.jar:/Library/Java/JavaVirtualMachines/zulu-8.jdk/Contents/Home/jre/lib/ext/openjsse.jar:/Library/Java/JavaVirtualMachines/zulu-8.jdk/Contents/Home/jre/lib/ext/sunec.jar:/Library/Java/JavaVirtualMachines/zulu-8.jdk/Contents/Home/jre/lib/ext/sunjce_provider.jar:/Library/Java/JavaVirtualMachines/zulu-8.jdk/Contents/Home/jre/lib/ext/sunpkcs11.jar:/Library/Java/JavaVirtualMachines/zulu-8.jdk/Contents/Home/jre/lib/ext/zipfs.jar:/Library/Java/JavaVirtualMachines/zulu-8.jdk/Contents/Home/jre/lib/jce.jar:/Library/Java/JavaVirtualMachines/zulu-8.jdk/Contents/Home/jre/lib/jfr.jar:/Library/Java/JavaVirtualMachines/zulu-8.jdk/Contents/Home/jre/lib/jfxswt.jar:/Library/Java/JavaVirtualMachines/zulu-8.jdk/Contents/Home/jre/lib/jsse.jar:/Library/Java/JavaVirtualMachines/zulu-8.jdk/Contents/Home/jre/lib/management-agent.jar:/Library/Java/JavaVirtualMachines/zulu-8.jdk/Contents/Home/jre/lib/resources.jar:/Library/Java/JavaVirtualMachines/zulu-8.jdk/Contents/Home/jre/lib/rt.jar:/Library/Java/JavaVirtualMachines/zulu-8.jdk/Contents/Home/lib/ant-javafx.jar:/Library/Java/JavaVirtualMachines/zulu-8.jdk/Contents/Home/lib/dt.jar:/Library/Java/JavaVirtualMachines/zulu-8.jdk/Contents/Home/lib/javafx-mx.jar:/Library/Java/JavaVirtualMachi
Launcher Type: SUN_STANDARD

Environment Variables:
PATH=/Users/kasunrachintha/opt/anaconda3/bin:/Library/Frameworks/Python.framework/Versions/3.9/bin:/usr/local/bin:/usr/bin:/bin:/usr/sbin:/sbin:/Applications/VMware Fusion.app/Contents/Public
SHELL=/bin/zsh

Signal Handlers:
SIGSEGV: [libjvm.dylib+0x5b2935], sa_mask[0]=11111111011111110111111111111111, sa_flags=SA_ONSTACK|SA_RESTART|SA_SIGINFO
SIGBUS: [libjvm.dylib+0x5b2935], sa_mask[0]=11111111011111110111111111111111, sa_flags=SA_RESTART|SA_SIGINFO
SIGFPE: [libjvm.dylib+0x4a1701], sa_mask[0]=11111111011111110111111111111111, sa_flags=SA_RESTART|SA_SIGINFO
SIGPIPE: [libjvm.dylib+0x4a1701], sa_mask[0]=11111111011111110111111111111111, sa_flags=SA_RESTART|SA_SIGINFO
SIGXFSZ: [libjvm.dylib+0x4a1701], sa_mask[0]=11111111011111110111111111111111, sa_flags=SA_RESTART|SA_SIGINFO
SIGILL: [libjvm.dylib+0x4a1701], sa_mask[0]=11111111011111110111111111111111, sa_flags=SA_RESTART|SA_SIGINFO
SIGUSR1: SIG_DFL, sa_mask[0]=00000000000000000000000000000000, sa_flags=none
SIGUSR2: [libjvm.dylib+0x4a1ff0], sa_mask[0]=00100000000000000000000000000000, sa_flags=SA_RESTART|SA_SIGINFO
SIGHUP: [libjvm.dylib+0x4a013f], sa_mask[0]=11111111011111110111111111111111, sa_flags=SA_RESTART|SA_SIGINFO
SIGINT: [libjvm.dylib+0x4a013f], sa_mask[0]=11111111011111110111111111111111, sa_flags=SA_RESTART|SA_SIGINFO
SIGTERM: [libjvm.dylib+0x4a013f], sa_mask[0]=11111111011111110111111111111111, sa_flags=SA_RESTART|SA_SIGINFO
SIGQUIT: [libjvm.dylib+0x4a013f], sa_mask[0]=11111111011111110111111111111111, sa_flags=SA_RESTART|SA_SIGINFO


---------------  S Y S T E M  ---------------

OS:Bsduname:Darwin 21.2.0 Darwin Kernel Version 21.2.0: Sun Nov 28 20:28:54 PST 2021; root:xnu-8019.61.5~1/RELEASE_X86_64 x86_64
rlimit: STACK 8192k, CORE 0k, NPROC 1392, NOFILE 10240, AS infinity
load average:5.94 4.03 3.43

CPU:total 4 (initial active 4) (2 cores per cpu, 2 threads per core) family 6 model 78 stepping 3, cmov, cx8, fxsr, mmx, sse, sse2, sse3, ssse3, sse4.1, sse4.2, popcnt, avx, avx2, aes, clmul, erms, 3dnowpref, lzcnt, ht, tsc, tscinvbit, bmi1, bmi2, adx

Memory: 4k page, physical 8388608k(239476k free)

/proc/meminfo:


vm_info: OpenJDK 64-Bit Server VM (25.312-b07) for bsd-amd64 JRE (Zulu 8.58.0.13-CA-macosx) (1.8.0_312-b07), built on Oct 11 2021 08:36:41 by "zulu_re" with gcc 4.2.1 Compatible Apple LLVM 11.0.0 (clang-1100.0.33.17)

time: Thu Feb  3 14:11:54 2022
timezone: +0530
elapsed time: 13.125321 seconds (0d 0h 0m 13s)

